INFO:LameAdmin:SSH username set to: lamemake
INFO:LameAdmin:SSH IP set to: 184.154.47.82
INFO:LameAdmin:Website address set to: https://www.lamemakes.com
INFO:HackadayWeb:Attempt to pull Hackaday login page returned HTTP status code 200.
INFO:HackadayWeb:Login CSRF token seemingly successfully parsed as: "Cme5NjFF-qhfGPyzj56cksmKTLhWUB3iVIpA"
INFO:HackadayWeb:Attempt to login to Hackaday returned HTTP status code 200.
INFO:LameAdmin:SSH username set to: lamemake
INFO:LameAdmin:SSH IP set to: 184.154.47.82
INFO:LameAdmin:Website address set to: https://www.lamemakes.com
INFO:HackadayWeb:Attempt to pull Hackaday login page returned HTTP status code 200.
INFO:HackadayWeb:Login CSRF token seemingly successfully parsed as: "Ob9oBlxR-H71UjQKDe5A3sFYT3P5HbLE5VGg"
INFO:HackadayWeb:Attempt to login to Hackaday returned HTTP status code 200.
INFO:LameAdmin:SSH username set to: lamemake
INFO:LameAdmin:SSH IP set to: 184.154.47.82
INFO:LameAdmin:Website address set to: https://www.lamemakes.com
INFO:HackadayWeb:Attempt to pull Hackaday login page returned HTTP status code 200.
INFO:HackadayWeb:Login CSRF token seemingly successfully parsed as: "LJ5YtPR6-szphY51YsFH9gWJShXOQezYB9Ps"
INFO:HackadayWeb:Attempt to login to Hackaday returned HTTP status code 200.
INFO:LameAdmin:SSH username set to: lamemake
INFO:LameAdmin:SSH IP set to: 184.154.47.82
INFO:LameAdmin:Website address set to: https://www.lamemakes.com
INFO:HackadayWeb:Attempt to pull Hackaday login page returned HTTP status code 200.
INFO:HackadayWeb:Login CSRF token seemingly successfully parsed as: "tO75Z7i1-6rIY784dTWAcFoE6NAUfZPeRkiw"
INFO:HackadayWeb:Attempt to login to Hackaday returned HTTP status code 200.
